0 info it worked if it ends with ok
1 verbose cli [ '/usr/local/Cellar/node/5.3.0/bin/node',
1 verbose cli   '/usr/local/bin/npm',
1 verbose cli   'run',
1 verbose cli   'flow' ]
2 info using npm@3.5.2
3 info using node@v5.3.0
4 verbose run-script [ 'preflow', 'flow', 'postflow' ]
5 info lifecycle @~preflow: @
6 silly lifecycle @~preflow: no script for preflow, continuing
7 info lifecycle @~flow: @
8 verbose lifecycle @~flow: unsafe-perm in lifecycle true
9 verbose lifecycle @~flow: PATH: /usr/local/lib/node_modules/npm/bin/node-gyp-bin:/Users/rossedwards/Desktop/julia/scone_home/scone_home_elixir/node_modules/.bin:/Library/Frameworks/Python.framework/Versions/3.5/bin:/Users/rossedwards/.rvm/gems/ruby-2.2.1/bin:/Users/rossedwards/.rvm/gems/ruby-2.2.1@global/bin:/Users/rossedwards/.rvm/rubies/ruby-2.2.1/bin:/usr/local/bin:/usr/bin:/bin:/usr/sbin:/sbin:/Users/rossedwards/.rvm/bin
10 verbose lifecycle @~flow: CWD: /Users/rossedwards/Desktop/julia/scone_home/scone_home_elixir
11 silly lifecycle @~flow: Args: [ '-c', 'flow check' ]
12 silly lifecycle @~flow: Returned: code: 2  signal: null
13 info lifecycle @~flow: Failed to exec flow script
14 verbose stack Error: @ flow: `flow check`
14 verbose stack Exit status 2
14 verbose stack     at EventEmitter.<anonymous> (/usr/local/lib/node_modules/npm/lib/utils/lifecycle.js:232:16)
14 verbose stack     at emitTwo (events.js:87:13)
14 verbose stack     at EventEmitter.emit (events.js:172:7)
14 verbose stack     at ChildProcess.<anonymous> (/usr/local/lib/node_modules/npm/lib/utils/spawn.js:24:14)
14 verbose stack     at emitTwo (events.js:87:13)
14 verbose stack     at ChildProcess.emit (events.js:172:7)
14 verbose stack     at maybeClose (internal/child_process.js:818:16)
14 verbose stack     at Process.ChildProcess._handle.onexit (internal/child_process.js:211:5)
15 verbose pkgid @
16 verbose cwd /Users/rossedwards/Desktop/julia/scone_home/scone_home_elixir
17 error Darwin 16.3.0
18 error argv "/usr/local/Cellar/node/5.3.0/bin/node" "/usr/local/bin/npm" "run" "flow"
19 error node v5.3.0
20 error npm  v3.5.2
21 error code ELIFECYCLE
22 error @ flow: `flow check`
22 error Exit status 2
23 error Failed at the @ flow script 'flow check'.
23 error Make sure you have the latest version of node.js and npm installed.
23 error If you do, this is most likely a problem with the  package,
23 error not with npm itself.
23 error Tell the author that this fails on your system:
23 error     flow check
23 error You can get information on how to open an issue for this project with:
23 error     npm bugs
23 error Or if that isn't available, you can get their info via:
23 error     npm owner ls
23 error There is likely additional logging output above.
24 verbose exit [ 1, true ]
